#
# There is insufficient memory for the Java Runtime Environment to continue.
# Native memory allocation (malloc) failed to allocate 32744 bytes for ChunkPool::allocate
# Possible reasons:
#   The system is out of physical RAM or swap space
#   The process is running with CompressedOops enabled, and the Java Heap may be blocking the growth of the native heap
# Possible solutions:
#   Reduce memory load on the system
#   Increase physical memory or swap space
#   Check if swap backing store is full
#   Decrease Java heap size (-Xmx/-Xms)
#   Decrease number of Java threads
#   Decrease Java thread stack sizes (-Xss)
#   Set larger code cache with -XX:ReservedCodeCacheSize=
#   JVM is running with Unscaled Compressed Oops mode in which the Java heap is
#     placed in the first 4GB address space. The Java Heap base address is the
#     maximum limit for the native heap growth. Please use -XX:HeapBaseMinAddress
#     to set the Java Heap base and to place the Java Heap above 4GB virtual address.
# This output file may be truncated or incomplete.
#
#  Out of Memory Error (./open/src/hotspot/share/memory/arena.cpp:79), pid=8120, tid=9720
#
# JRE version: OpenJDK Runtime Environment (15.0.2+7) (build 15.0.2+7-27)
# Java VM: OpenJDK 64-Bit Server VM (15.0.2+7-27, mixed mode, tiered, compressed oops, g1 gc, windows-amd64)
# No core dump will be written. Minidumps are not enabled by default on client versions of Windows
#

---------------  S U M M A R Y ------------

Command Line: -Dfile.encoding=Cp1252 -XX:+ShowCodeDetailsInExceptionMessages Main

Host: Intel(R) Core(TM) i3-6100U CPU @ 2.30GHz, 4 cores, 3G,  Windows 10 , 64 bit Build 19041 (10.0.19041.928)
Time: Sun May  9 15:17:54 2021 China Standard Time elapsed time: 0.135396 seconds (0d 0h 0m 0s)

---------------  T H R E A D  ---------------

Current thread (0x000002696fe22900):  JavaThread "C2 CompilerThread0" daemon [_thread_in_vm, id=9720, stack(0x000000c2f1200000,0x000000c2f1300000)]

Stack: [0x000000c2f1200000,0x000000c2f1300000]
Native frames: (J=compiled Java code, j=interpreted, Vv=VM code, C=native code)
V  [jvm.dll+0x62ae9a]
V  [jvm.dll+0x7817a9]
V  [jvm.dll+0x782f03]
V  [jvm.dll+0x783563]
V  [jvm.dll+0x216325]
V  [jvm.dll+0x982cf]
V  [jvm.dll+0x9861c]
V  [jvm.dll+0x5b63ef]
V  [jvm.dll+0x5b657b]
V  [jvm.dll+0x5b657b]
V  [jvm.dll+0x5bb20e]
V  [jvm.dll+0x5bc40a]
V  [jvm.dll+0x5ba6de]
V  [jvm.dll+0x1ea598]
V  [jvm.dll+0x1e8aac]
V  [jvm.dll+0x68621f]
V  [jvm.dll+0x685ff4]
V  [jvm.dll+0x17874d]
V  [jvm.dll+0x1f80d5]
V  [jvm.dll+0x1f715a]
V  [jvm.dll+0x74495d]
V  [jvm.dll+0x73d75a]
V  [jvm.dll+0x629c56]
C  [ucrtbase.dll+0x21bb2]
C  [KERNEL32.DLL+0x17034]
C  [ntdll.dll+0x52651]


---------------  P R O C E S S  ---------------

Threads class SMR info:
_java_thread_list=0x000002696fe1bfa0, length=9, elements={
0x00000269581ccb80, 0x000002696fdf6020, 0x000002696fdf6ad0, 0x000002696fe1d0c0,
0x000002696fe1db70, 0x000002696fe1e620, 0x000002696fe22900, 0x000002696fe25410,
0x000002696fe29e20
}

Java Threads: ( => current thread )
  0x00000269581ccb80 JavaThread "main" [_thread_in_Java, id=6196, stack(0x000000c2f0600000,0x000000c2f0700000)]
  0x000002696fdf6020 JavaThread "Reference Handler" daemon [_thread_blocked, id=9668, stack(0x000000c2f0d00000,0x000000c2f0e00000)]
  0x000002696fdf6ad0 JavaThread "Finalizer" daemon [_thread_blocked, id=10952, stack(0x000000c2f0e00000,0x000000c2f0f00000)]
  0x000002696fe1d0c0 JavaThread "Signal Dispatcher" daemon [_thread_blocked, id=7428, stack(0x000000c2f0f00000,0x000000c2f1000000)]
  0x000002696fe1db70 JavaThread "Attach Listener" daemon [_thread_blocked, id=1808, stack(0x000000c2f1000000,0x000000c2f1100000)]
  0x000002696fe1e620 JavaThread "Service Thread" daemon [_thread_blocked, id=12632, stack(0x000000c2f1100000,0x000000c2f1200000)]
=>0x000002696fe22900 JavaThread "C2 CompilerThread0" daemon [_thread_in_vm, id=9720, stack(0x000000c2f1200000,0x000000c2f1300000)]
  0x000002696fe25410 JavaThread "C1 CompilerThread0" daemon [_thread_in_native, id=9768, stack(0x000000c2f1300000,0x000000c2f1400000)]
  0x000002696fe29e20 JavaThread "Sweeper thread" daemon [_thread_blocked, id=11908, stack(0x000000c2f1400000,0x000000c2f1500000)]

Other Threads:
  0x000002696fd85220 VMThread "VM Thread" [stack: 0x000000c2f0c00000,0x000000c2f0d00000] [id=4472]
  0x00000269581faad0 GCTaskThread "GC Thread#0" [stack: 0x000000c2f0700000,0x000000c2f0800000] [id=14388]
  0x0000026958205190 ConcurrentGCThread "G1 Main Marker" [stack: 0x000000c2f0800000,0x000000c2f0900000] [id=8676]
  0x0000026958205e00 ConcurrentGCThread "G1 Conc#0" [stack: 0x000000c2f0900000,0x000000c2f0a00000] [id=12976]
  0x0000026958256710 ConcurrentGCThread "G1 Refine#0" [stack: 0x000000c2f0a00000,0x000000c2f0b00000] [id=16056]
  0x00000269582580e0 ConcurrentGCThread "G1 Young RemSet Sampling" [stack: 0x000000c2f0b00000,0x000000c2f0c00000] [id=2456]

Threads with active compile tasks:
C1 CompilerThread0      200   62       3       java.util.ImmutableCollections$MapN::get (35 bytes)

VM state: not at safepoint (normal execution)

VM Mutex/Monitor currently owned by a thread: None

Heap address: 0x00000000c1e00000, size: 994 MB, Compressed Oops mode: 32-bit
CDS disabled.
Compressed class space mapped at: 0x0000000100000000-0x0000000140000000, size: 1073741824
Narrow klass base: 0x0000000000000000, Narrow klass shift: 3, Narrow klass range: 0x140000000

GC Precious Log:
 CPUs: 4 total, 4 available
 Memory: 3969M
 Large Page Support: Disabled
 NUMA Support: Disabled
 Compressed Oops: Enabled (32-bit)
 Heap Region Size: 1M
 Heap Min Capacity: 8M
 Heap Initial Capacity: 64M
 Heap Max Capacity: 994M
 Pre-touch: Disabled
 Parallel Workers: 4
 Concurrent Workers: 1
 Concurrent Refinement Workers: 4
 Periodic GC: Disabled

Heap:
 garbage-first heap   total 65536K, used 0K [0x00000000c1e00000, 0x0000000100000000)
  region size 1024K, 1 young (1024K), 0 survivors (0K)
 Metaspace       used 3286K, capacity 3464K, committed 3712K, reserved 1060864K
  class space    used 261K, capacity 384K, committed 384K, reserved 1048576K

Heap Regions: E=young(eden), S=young(survivor), O=old, HS=humongous(starts), HC=humongous(continues), CS=collection set, F=free, OA=open archive, CA=closed archive, TAMS=top-at-mark-start (previous, next)
|   0|0x00000000c1e00000, 0x00000000c1e00000, 0x00000000c1f00000|  0%| F|  |TAMS 0x00000000c1e00000, 0x00000000c1e00000| Untracked 
|   1|0x00000000c1f00000, 0x00000000c1f00000, 0x00000000c2000000|  0%| F|  |TAMS 0x00000000c1f00000, 0x00000000c1f00000| Untracked 
|   2|0x00000000c2000000, 0x00000000c2000000, 0x00000000c2100000|  0%| F|  |TAMS 0x00000000c2000000, 0x00000000c2000000| Untracked 
|   3|0x00000000c2100000, 0x00000000c2100000, 0x00000000c2200000|  0%| F|  |TAMS 0x00000000c2100000, 0x00000000c2100000| Untracked 
|   4|0x00000000c2200000, 0x00000000c2200000, 0x00000000c2300000|  0%| F|  |TAMS 0x00000000c2200000, 0x00000000c2200000| Untracked 
|   5|0x00000000c2300000, 0x00000000c2300000, 0x00000000c2400000|  0%| F|  |TAMS 0x00000000c2300000, 0x00000000c2300000| Untracked 
|   6|0x00000000c2400000, 0x00000000c2400000, 0x00000000c2500000|  0%| F|  |TAMS 0x00000000c2400000, 0x00000000c2400000| Untracked 
|   7|0x00000000c2500000, 0x00000000c2500000, 0x00000000c2600000|  0%| F|  |TAMS 0x00000000c2500000, 0x00000000c2500000| Untracked 
|   8|0x00000000c2600000, 0x00000000c2600000, 0x00000000c2700000|  0%| F|  |TAMS 0x00000000c2600000, 0x00000000c2600000| Untracked 
|   9|0x00000000c2700000, 0x00000000c2700000, 0x00000000c2800000|  0%| F|  |TAMS 0x00000000c2700000, 0x00000000c2700000| Untracked 
|  10|0x00000000c2800000, 0x00000000c2800000, 0x00000000c2900000|  0%| F|  |TAMS 0x00000000c2800000, 0x00000000c2800000| Untracked 
|  11|0x00000000c2900000, 0x00000000c2900000, 0x00000000c2a00000|  0%| F|  |TAMS 0x00000000c2900000, 0x00000000c2900000| Untracked 
|  12|0x00000000c2a00000, 0x00000000c2a00000, 0x00000000c2b00000|  0%| F|  |TAMS 0x00000000c2a00000, 0x00000000c2a00000| Untracked 
|  13|0x00000000c2b00000, 0x00000000c2b00000, 0x00000000c2c00000|  0%| F|  |TAMS 0x00000000c2b00000, 0x00000000c2b00000| Untracked 
|  14|0x00000000c2c00000, 0x00000000c2c00000, 0x00000000c2d00000|  0%| F|  |TAMS 0x00000000c2c00000, 0x00000000c2c00000| Untracked 
|  15|0x00000000c2d00000, 0x00000000c2d00000, 0x00000000c2e00000|  0%| F|  |TAMS 0x00000000c2d00000, 0x00000000c2d00000| Untracked 
|  16|0x00000000c2e00000, 0x00000000c2e00000, 0x00000000c2f00000|  0%| F|  |TAMS 0x00000000c2e00000, 0x00000000c2e00000| Untracked 
|  17|0x00000000c2f00000, 0x00000000c2f00000, 0x00000000c3000000|  0%| F|  |TAMS 0x00000000c2f00000, 0x00000000c2f00000| Untracked 
|  18|0x00000000c3000000, 0x00000000c3000000, 0x00000000c3100000|  0%| F|  |TAMS 0x00000000c3000000, 0x00000000c3000000| Untracked 
|  19|0x00000000c3100000, 0x00000000c3100000, 0x00000000c3200000|  0%| F|  |TAMS 0x00000000c3100000, 0x00000000c3100000| Untracked 
|  20|0x00000000c3200000, 0x00000000c3200000, 0x00000000c3300000|  0%| F|  |TAMS 0x00000000c3200000, 0x00000000c3200000| Untracked 
|  21|0x00000000c3300000, 0x00000000c3300000, 0x00000000c3400000|  0%| F|  |TAMS 0x00000000c3300000, 0x00000000c3300000| Untracked 
|  22|0x00000000c3400000, 0x00000000c3400000, 0x00000000c3500000|  0%| F|  |TAMS 0x00000000c3400000, 0x00000000c3400000| Untracked 
|  23|0x00000000c3500000, 0x00000000c3500000, 0x00000000c3600000|  0%| F|  |TAMS 0x00000000c3500000, 0x00000000c3500000| Untracked 
|  24|0x00000000c3600000, 0x00000000c3600000, 0x00000000c3700000|  0%| F|  |TAMS 0x00000000c3600000, 0x00000000c3600000| Untracked 
|  25|0x00000000c3700000, 0x00000000c3700000, 0x00000000c3800000|  0%| F|  |TAMS 0x00000000c3700000, 0x00000000c3700000| Untracked 
|  26|0x00000000c3800000, 0x00000000c3800000, 0x00000000c3900000|  0%| F|  |TAMS 0x00000000c3800000, 0x00000000c3800000| Untracked 
|  27|0x00000000c3900000, 0x00000000c3900000, 0x00000000c3a00000|  0%| F|  |TAMS 0x00000000c3900000, 0x00000000c3900000| Untracked 
|  28|0x00000000c3a00000, 0x00000000c3a00000, 0x00000000c3b00000|  0%| F|  |TAMS 0x00000000c3a00000, 0x00000000c3a00000| Untracked 
|  29|0x00000000c3b00000, 0x00000000c3b00000, 0x00000000c3c00000|  0%| F|  |TAMS 0x00000000c3b00000, 0x00000000c3b00000| Untracked 
|  30|0x00000000c3c00000, 0x00000000c3c00000, 0x00000000c3d00000|  0%| F|  |TAMS 0x00000000c3c00000, 0x00000000c3c00000| Untracked 
|  31|0x00000000c3d00000, 0x00000000c3d00000, 0x00000000c3e00000|  0%| F|  |TAMS 0x00000000c3d00000, 0x00000000c3d00000| Untracked 
|  32|0x00000000c3e00000, 0x00000000c3e00000, 0x00000000c3f00000|  0%| F|  |TAMS 0x00000000c3e00000, 0x00000000c3e00000| Untracked 
|  33|0x00000000c3f00000, 0x00000000c3f00000, 0x00000000c4000000|  0%| F|  |TAMS 0x00000000c3f00000, 0x00000000c3f00000| Untracked 
|  34|0x00000000c4000000, 0x00000000c4000000, 0x00000000c4100000|  0%| F|  |TAMS 0x00000000c4000000, 0x00000000c4000000| Untracked 
|  35|0x00000000c4100000, 0x00000000c4100000, 0x00000000c4200000|  0%| F|  |TAMS 0x00000000c4100000, 0x00000000c4100000| Untracked 
|  36|0x00000000c4200000, 0x00000000c4200000, 0x00000000c4300000|  0%| F|  |TAMS 0x00000000c4200000, 0x00000000c4200000| Untracked 
|  37|0x00000000c4300000, 0x00000000c4300000, 0x00000000c4400000|  0%| F|  |TAMS 0x00000000c4300000, 0x00000000c4300000| Untracked 
|  38|0x00000000c4400000, 0x00000000c4400000, 0x00000000c4500000|  0%| F|  |TAMS 0x00000000c4400000, 0x00000000c4400000| Untracked 
|  39|0x00000000c4500000, 0x00000000c4500000, 0x00000000c4600000|  0%| F|  |TAMS 0x00000000c4500000, 0x00000000c4500000| Untracked 
|  40|0x00000000c4600000, 0x00000000c4600000, 0x00000000c4700000|  0%| F|  |TAMS 0x00000000c4600000, 0x00000000c4600000| Untracked 
|  41|0x00000000c4700000, 0x00000000c4700000, 0x00000000c4800000|  0%| F|  |TAMS 0x00000000c4700000, 0x00000000c4700000| Untracked 
|  42|0x00000000c4800000, 0x00000000c4800000, 0x00000000c4900000|  0%| F|  |TAMS 0x00000000c4800000, 0x00000000c4800000| Untracked 
|  43|0x00000000c4900000, 0x00000000c4900000, 0x00000000c4a00000|  0%| F|  |TAMS 0x00000000c4900000, 0x00000000c4900000| Untracked 
|  44|0x00000000c4a00000, 0x00000000c4a00000, 0x00000000c4b00000|  0%| F|  |TAMS 0x00000000c4a00000, 0x00000000c4a00000| Untracked 
|  45|0x00000000c4b00000, 0x00000000c4b00000, 0x00000000c4c00000|  0%| F|  |TAMS 0x00000000c4b00000, 0x00000000c4b00000| Untracked 
|  46|0x00000000c4c00000, 0x00000000c4c00000, 0x00000000c4d00000|  0%| F|  |TAMS 0x00000000c4c00000, 0x00000000c4c00000| Untracked 
|  47|0x00000000c4d00000, 0x00000000c4d00000, 0x00000000c4e00000|  0%| F|  |TAMS 0x00000000c4d00000, 0x00000000c4d00000| Untracked 
|  48|0x00000000c4e00000, 0x00000000c4e00000, 0x00000000c4f00000|  0%| F|  |TAMS 0x00000000c4e00000, 0x00000000c4e00000| Untracked 
|  49|0x00000000c4f00000, 0x00000000c4f00000, 0x00000000c5000000|  0%| F|  |TAMS 0x00000000c4f00000, 0x00000000c4f00000| Untracked 
|  50|0x00000000c5000000, 0x00000000c5000000, 0x00000000c5100000|  0%| F|  |TAMS 0x00000000c5000000, 0x00000000c5000000| Untracked 
|  51|0x00000000c5100000, 0x00000000c5100000, 0x00000000c5200000|  0%| F|  |TAMS 0x00000000c5100000, 0x00000000c5100000| Untracked 
|  52|0x00000000c5200000, 0x00000000c5200000, 0x00000000c5300000|  0%| F|  |TAMS 0x00000000c5200000, 0x00000000c5200000| Untracked 
|  53|0x00000000c5300000, 0x00000000c5300000, 0x00000000c5400000|  0%| F|  |TAMS 0x00000000c5300000, 0x00000000c5300000| Untracked 
|  54|0x00000000c5400000, 0x00000000c5400000, 0x00000000c5500000|  0%| F|  |TAMS 0x00000000c5400000, 0x00000000c5400000| Untracked 
|  55|0x00000000c5500000, 0x00000000c5500000, 0x00000000c5600000|  0%| F|  |TAMS 0x00000000c5500000, 0x00000000c5500000| Untracked 
|  56|0x00000000c5600000, 0x00000000c5600000, 0x00000000c5700000|  0%| F|  |TAMS 0x00000000c5600000, 0x00000000c5600000| Untracked 
|  57|0x00000000c5700000, 0x00000000c5700000, 0x00000000c5800000|  0%| F|  |TAMS 0x00000000c5700000, 0x00000000c5700000| Untracked 
|  58|0x00000000c5800000, 0x00000000c5800000, 0x00000000c5900000|  0%| F|  |TAMS 0x00000000c5800000, 0x00000000c5800000| Untracked 
|  59|0x00000000c5900000, 0x00000000c5900000, 0x00000000c5a00000|  0%| F|  |TAMS 0x00000000c5900000, 0x00000000c5900000| Untracked 
|  60|0x00000000c5a00000, 0x00000000c5a00000, 0x00000000c5b00000|  0%| F|  |TAMS 0x00000000c5a00000, 0x00000000c5a00000| Untracked 
|  61|0x00000000c5b00000, 0x00000000c5b00000, 0x00000000c5c00000|  0%| F|  |TAMS 0x00000000c5b00000, 0x00000000c5b00000| Untracked 
|  62|0x00000000c5c00000, 0x00000000c5c00000, 0x00000000c5d00000|  0%| F|  |TAMS 0x00000000c5c00000, 0x00000000c5c00000| Untracked 
|  63|0x00000000c5d00000, 0x00000000c5e00000, 0x00000000c5e00000|100%| E|  |TAMS 0x00000000c5d00000, 0x00000000c5d00000| Complete 

Card table byte_map: [0x000002696adf0000,0x000002696aff0000] _byte_map_base: 0x000002696a7e1000

Marking Bits (Prev, Next): (CMBitMap*) 0x00000269581fc350, (CMBitMap*) 0x00000269581fc390
 Prev Bits: [0x000002696b1f0000, 0x000002696c178000)
 Next Bits: [0x000002696c180000, 0x000002696d108000)

Polling page: 0x0000026956070000

Metaspace:

Usage:
  Non-class:      3.01 MB capacity,     3.00 MB (>99%) used,     3.11 KB ( <1%) free+waste,     3.12 KB ( <1%) overhead. 
      Class:    384.00 KB capacity,   267.97 KB ( 70%) used,   115.97 KB ( 30%) free+waste,    64 bytes ( <1%) overhead. 
       Both:      3.38 MB capacity,     3.26 MB ( 96%) used,   119.08 KB (  3%) free+waste,     3.19 KB ( <1%) overhead. 

Virtual space:
  Non-class space:       12.00 MB reserved,       3.25 MB ( 27%) committed 
      Class space:        1.00 GB reserved,     384.00 KB ( <1%) committed 
             Both:        1.01 GB reserved,       3.62 MB ( <1%) committed 

Chunk freelists:
   Non-Class:  56.00 KB
       Class:  0 bytes
        Both:  56.00 KB

MaxMetaspaceSize: 17179869184.00 GB
CompressedClassSpaceSize: 1.00 GB

CodeHeap 'non-profiled nmethods': size=120000Kb used=11Kb max_used=11Kb free=119988Kb
 bounds [0x00000269636c0000, 0x0000026963930000, 0x000002696abf0000]
CodeHeap 'profiled nmethods': size=120000Kb used=89Kb max_used=89Kb free=119910Kb
 bounds [0x000002695c190000, 0x000002695c400000, 0x00000269636c0000]
CodeHeap 'non-nmethods': size=5760Kb used=1037Kb max_used=1037Kb free=4722Kb
 bounds [0x000002695bbf0000, 0x000002695be60000, 0x000002695c190000]
 total_blobs=324 nmethods=69 adapters=173
 compilation: enabled
              stopped_count=0, restarted_count=0
 full_count=0

Compilation events (4 events):
Event: 0.129 Thread 0x000002696fe25410    1       3       java.lang.String::charAt (25 bytes)
Event: 0.130 Thread 0x000002696fe25410 nmethod 1 0x000002695c190010 code [0x000002695c190200, 0x000002695c190718]
Event: 0.130 Thread 0x000002696fe25410    2       3       java.lang.StringLatin1::charAt (28 bytes)
Event: 0.130 Thread 0x000002696fe25410 nmethod 2 0x000002695c190910 code [0x000002695c190ac0, 0x000002695c190ca8]

GC Heap History (0 events):
No events

Deoptimization events (0 events):
No events

Classes unloaded (0 events):
No events

Classes redefined (0 events):
No events

Internal exceptions (0 events):
No events

Events (20 events):
Event: 0.126 loading class java/lang/module/ModuleDescriptor
Event: 0.126 loading class java/lang/module/ModuleDescriptor done
Event: 0.126 loading class sun/invoke/util/VerifyAccess
Event: 0.126 loading class sun/invoke/util/VerifyAccess done
Event: 0.126 loading class java/lang/module/ModuleDescriptor$1
Event: 0.127 loading class jdk/internal/access/JavaLangModuleAccess
Event: 0.127 loading class jdk/internal/access/JavaLangModuleAccess done
Event: 0.127 loading class java/lang/module/ModuleDescriptor$1 done
Event: 0.127 loading class java/io/File
Event: 0.127 loading class java/io/File done
Event: 0.127 loading class java/io/DefaultFileSystem
Event: 0.127 loading class java/io/DefaultFileSystem done
Event: 0.127 loading class java/io/WinNTFileSystem
Event: 0.128 loading class java/io/FileSystem
Event: 0.128 loading class java/io/FileSystem done
Event: 0.128 loading class java/io/WinNTFileSystem done
Event: 0.129 loading class jdk/internal/module/ModulePatcher
Event: 0.130 loading class jdk/internal/module/ModulePatcher done
Event: 0.130 loading class jdk/internal/module/ModuleBootstrap$Counters
Event: 0.131 loading class jdk/internal/module/ModuleBootstrap$Counters done


Dynamic libraries:
0x00007ff69b6c0000 - 0x00007ff69b6cd000 	C:\Users\chadi_do5r8pf\.p2\pool\plugins\org.eclipse.justj.openjdk.hotspot.jre.full.win32.x86_64_15.0.2.v20210201-0955\jre\bin\javaw.exe
0x00007ffb18350000 - 0x00007ffb18545000 	C:\Windows\SYSTEM32\ntdll.dll
0x00007ffb18220000 - 0x00007ffb182dd000 	C:\Windows\System32\KERNEL32.DLL
0x00007ffb15ef0000 - 0x00007ffb161b8000 	C:\Windows\System32\KERNELBASE.dll
0x00007ffb15df0000 - 0x00007ffb15ef0000 	C:\Windows\System32\ucrtbase.dll
0x00007ffb10370000 - 0x00007ffb10388000 	C:\Users\chadi_do5r8pf\.p2\pool\plugins\org.eclipse.justj.openjdk.hotspot.jre.full.win32.x86_64_15.0.2.v20210201-0955\jre\bin\jli.dll
0x00007ffb176c0000 - 0x00007ffb17860000 	C:\Windows\System32\USER32.dll
0x00007ffb15a90000 - 0x00007ffb15ab2000 	C:\Windows\System32\win32u.dll
0x00007ffb16540000 - 0x00007ffb1656a000 	C:\Windows\System32\GDI32.dll
0x00007ffb162a0000 - 0x00007ffb163ab000 	C:\Windows\System32\gdi32full.dll
0x00007ffb15ac0000 - 0x00007ffb15b5d000 	C:\Windows\System32\msvcp_win.dll
0x00007ffb10350000 - 0x00007ffb10369000 	C:\Users\chadi_do5r8pf\.p2\pool\plugins\org.eclipse.justj.openjdk.hotspot.jre.full.win32.x86_64_15.0.2.v20210201-0955\jre\bin\VCRUNTIME140.dll
0x00007ffb04ed0000 - 0x00007ffb0516a000 	C:\Windows\WinSxS\amd64_microsoft.windows.common-controls_6595b64144ccf1df_6.0.19041.844_none_ca00b6081b84eb1d\COMCTL32.dll
0x00007ffb17b10000 - 0x00007ffb17bae000 	C:\Windows\System32\msvcrt.dll
0x00007ffb182e0000 - 0x00007ffb18310000 	C:\Windows\System32\IMM32.DLL
0x00007ffb10340000 - 0x00007ffb1034c000 	C:\Users\chadi_do5r8pf\.p2\pool\plugins\org.eclipse.justj.openjdk.hotspot.jre.full.win32.x86_64_15.0.2.v20210201-0955\jre\bin\vcruntime140_1.dll
0x00007ffb0c6b0000 - 0x00007ffb0c741000 	C:\Users\chadi_do5r8pf\.p2\pool\plugins\org.eclipse.justj.openjdk.hotspot.jre.full.win32.x86_64_15.0.2.v20210201-0955\jre\bin\msvcp140.dll
0x00007ffaee4d0000 - 0x00007ffaef02e000 	C:\Users\chadi_do5r8pf\.p2\pool\plugins\org.eclipse.justj.openjdk.hotspot.jre.full.win32.x86_64_15.0.2.v20210201-0955\jre\bin\server\jvm.dll
0x00007ffb17a60000 - 0x00007ffb17b0c000 	C:\Windows\System32\ADVAPI32.dll
0x00007ffb165d0000 - 0x00007ffb1666b000 	C:\Windows\System32\sechost.dll
0x00007ffb17c40000 - 0x00007ffb17d6b000 	C:\Windows\System32\RPCRT4.dll
0x00007ffb16f60000 - 0x00007ffb16f68000 	C:\Windows\System32\PSAPI.DLL
0x00007ffb06a40000 - 0x00007ffb06a67000 	C:\Windows\SYSTEM32\WINMM.dll
0x00007ffb10500000 - 0x00007ffb10509000 	C:\Windows\SYSTEM32\WSOCK32.dll
0x00007ffb17910000 - 0x00007ffb1797b000 	C:\Windows\System32\WS2_32.dll
0x00007ffb07380000 - 0x00007ffb0738a000 	C:\Windows\SYSTEM32\VERSION.dll
0x00007ffb139d0000 - 0x00007ffb139e2000 	C:\Windows\SYSTEM32\kernel.appcore.dll
0x00007ffb10170000 - 0x00007ffb1017a000 	C:\Users\chadi_do5r8pf\.p2\pool\plugins\org.eclipse.justj.openjdk.hotspot.jre.full.win32.x86_64_15.0.2.v20210201-0955\jre\bin\jimage.dll
0x00007ffb07940000 - 0x00007ffb07b24000 	C:\Windows\SYSTEM32\DBGHELP.DLL
0x00007ffb08060000 - 0x00007ffb0808c000 	C:\Windows\SYSTEM32\dbgcore.DLL
0x00007ffb15d70000 - 0x00007ffb15df0000 	C:\Windows\System32\bcryptPrimitives.dll
0x00007ffb0f7c0000 - 0x00007ffb0f7e5000 	C:\Users\chadi_do5r8pf\.p2\pool\plugins\org.eclipse.justj.openjdk.hotspot.jre.full.win32.x86_64_15.0.2.v20210201-0955\jre\bin\java.dll
0x00007ffb0f600000 - 0x00007ffb0f618000 	C:\Users\chadi_do5r8pf\.p2\pool\plugins\org.eclipse.justj.openjdk.hotspot.jre.full.win32.x86_64_15.0.2.v20210201-0955\jre\bin\zip.dll
0x00007ffb16f70000 - 0x00007ffb176b2000 	C:\Windows\System32\SHELL32.dll
0x00007ffb13bd0000 - 0x00007ffb14361000 	C:\Windows\SYSTEM32\windows.storage.dll
0x00007ffb16670000 - 0x00007ffb169c5000 	C:\Windows\System32\combase.dll
0x00007ffb15500000 - 0x00007ffb1552c000 	C:\Windows\SYSTEM32\Wldp.dll
0x00007ffb163b0000 - 0x00007ffb1645e000 	C:\Windows\System32\SHCORE.dll
0x00007ffb16570000 - 0x00007ffb165c5000 	C:\Windows\System32\shlwapi.dll
0x00007ffb159d0000 - 0x00007ffb159ef000 	C:\Windows\SYSTEM32\profapi.dll

dbghelp: loaded successfully - version: 4.0.5 - missing functions: none
symbol engine: initialized successfully - sym options: 0x614 - pdb path: .;C:\Users\chadi_do5r8pf\.p2\pool\plugins\org.eclipse.justj.openjdk.hotspot.jre.full.win32.x86_64_15.0.2.v20210201-0955\jre\bin;C:\Windows\SYSTEM32;C:\Windows\WinSxS\amd64_microsoft.windows.common-controls_6595b64144ccf1df_6.0.19041.844_none_ca00b6081b84eb1d;C:\Users\chadi_do5r8pf\.p2\pool\plugins\org.eclipse.justj.openjdk.hotspot.jre.full.win32.x86_64_15.0.2.v20210201-0955\jre\bin\server

VM Arguments:
jvm_args: -Dfile.encoding=Cp1252 -XX:+ShowCodeDetailsInExceptionMessages 
java_command: Main
java_class_path (initial): C:\Users\chadi_do5r8pf\eclipse-workspace\MCO2 TicTacToe\bin
Launcher Type: SUN_STANDARD

[Global flags]
     intx CICompilerCount                          = 3                                         {product} {ergonomic}
     uint ConcGCThreads                            = 1                                         {product} {ergonomic}
     uint G1ConcRefinementThreads                  = 4                                         {product} {ergonomic}
   size_t G1HeapRegionSize                         = 1048576                                   {product} {ergonomic}
    uintx GCDrainStackTargetSize                   = 64                                        {product} {ergonomic}
   size_t InitialHeapSize                          = 67108864                                  {product} {ergonomic}
   size_t MarkStackSize                            = 4194304                                   {product} {ergonomic}
   size_t MaxHeapSize                              = 1042284544                                {product} {ergonomic}
   size_t MaxNewSize                               = 624951296                                 {product} {ergonomic}
   size_t MinHeapDeltaBytes                        = 1048576                                   {product} {ergonomic}
   size_t MinHeapSize                              = 8388608                                   {product} {ergonomic}
    uintx NonNMethodCodeHeapSize                   = 5832780                                {pd product} {ergonomic}
    uintx NonProfiledCodeHeapSize                  = 122912730                              {pd product} {ergonomic}
    uintx ProfiledCodeHeapSize                     = 122912730                              {pd product} {ergonomic}
    uintx ReservedCodeCacheSize                    = 251658240                              {pd product} {ergonomic}
     bool SegmentedCodeCache                       = true                                      {product} {ergonomic}
     bool ShowCodeDetailsInExceptionMessages       = true                                   {manageable} {command line}
   size_t SoftMaxHeapSize                          = 1042284544                             {manageable} {ergonomic}
     bool UseCompressedClassPointers               = true                                 {lp64_product} {ergonomic}
     bool UseCompressedOops                        = true                                 {lp64_product} {ergonomic}
     bool UseG1GC                                  = true                                      {product} {ergonomic}
     bool UseLargePagesIndividualAllocation        = false                                  {pd product} {ergonomic}

Logging:
Log output configuration:
 #0: stdout all=warning uptime,level,tags
 #1: stderr all=off uptime,level,tags

Environment Variables:
PATH=C:/Users/chadi_do5r8pf/.p2/pool/plugins/org.eclipse.justj.openjdk.hotspot.jre.full.win32.x86_64_15.0.2.v20210201-0955/jre/bin/server;C:/Users/chadi_do5r8pf/.p2/pool/plugins/org.eclipse.justj.openjdk.hotspot.jre.full.win32.x86_64_15.0.2.v20210201-0955/jre/bin;C:\Windows\system32;C:\Windows;C:\Windows\System32\Wbem;C:\Windows\System32\WindowsPowerShell\v1.0\;C:\Windows\System32\OpenSSH\;C:\Program Files\Git\cmd;C:\Program Files\nodejs\;C:\Users\chadi_do5r8pf\AppData\Local\Microsoft\WindowsApps;C:\Users\chadi_do5r8pf\AppData\Roaming\npm;C:\Program Files\heroku\bin;C:\Users\chadi_do5r8pf\AppData\Local\Programs\Microsoft VS Code\bin;C:\Windows\System32;
USERNAME=chadi_do5r8pf
OS=Windows_NT
PROCESSOR_IDENTIFIER=Intel64 Family 6 Model 78 Stepping 3, GenuineIntel



---------------  S Y S T E M  ---------------

OS:
 Windows 10 , 64 bit Build 19041 (10.0.19041.928)
OS uptime: 18 days 7:53 hours

CPU: total 4 (initial active 4) (2 cores per cpu, 2 threads per core) family 6 model 78 stepping 3 microcode 0xd6, cmov, cx8, fxsr, mmx, sse, sse2, sse3, ssse3, sse4.1, sse4.2, popcnt, vzeroupper, avx, avx2, aes, clmul, erms, rtm, 3dnowpref, lzcnt, ht, tsc, tscinvbit, bmi1, bmi2, adx, fma, clflush, clflushopt

Memory: 4k page, system-wide physical 3969M (429M free)
TotalPageFile size 16257M (AvailPageFile size 2M)
current process WorkingSet (physical memory assigned to process): 26M, peak: 26M
current process commit charge ("private bytes"): 127M, peak: 127M

vm_info: OpenJDK 64-Bit Server VM (15.0.2+7-27) for windows-amd64 JRE (15.0.2+7-27), built on Dec  7 2020 20:02:38 by "mach5one" with unknown MS VC++:1925

END.
